<?xml version="1.0" encoding="UTF-8"?>
<!-- Generated by org.testng.reporters.JUnitReportReporter -->
<testsuite hostname="DESKTOP-V23L3TE" failures="0" tests="1" name="Demo.Test3" time="0.005" errors="0" timestamp="2023-03-21T17:32:30 IST" skipped="0">
  <testcase classname="Demo.Test3" name="tc3" time="0.005"/>
  <system-out>
    <![CDATA[hello selinium]]>
  </system-out>
</testsuite> <!-- Demo.Test3 -->
