<?xml version="1.0" encoding="UTF-8"?>
<!-- Generated by org.testng.reporters.JUnitReportReporter -->
<testsuite hostname="DESKTOP-V23L3TE" failures="0" tests="1" name="Demo.Test2" time="0.008" errors="0" timestamp="2023-03-21T17:32:30 IST" skipped="0">
  <testcase classname="Demo.Test2" name="tc2" time="0.008"/>
  <system-out>
    <![CDATA[python]]>
  </system-out>
</testsuite> <!-- Demo.Test2 -->
